2018-10-22 13:13:58,787 - INFO - ###### TEST EXECUTION STARTED :: test_invalid_addition ######
2018-10-22 13:13:58,818 - INFO - Element found with locator_properties: //input[@id='sum1'] and locator_type: xpath
2018-10-22 13:13:58,870 - INFO - Sent data to the element with locator_properties: //input[@id='sum1'] and locator_type: xpath
2018-10-22 13:13:58,891 - INFO - Element found with locator_properties: //input[@id='sum2'] and locator_type: xpath
2018-10-22 13:13:58,943 - INFO - Sent data to the element with locator_properties: //input[@id='sum2'] and locator_type: xpath
2018-10-22 13:13:58,976 - INFO - Element is clickable with locator_properties: //button[text()='Get Total'] and locator_type: xpath
2018-10-22 13:13:58,991 - INFO - Element found with locator_properties: //button[text()='Get Total'] and locator_type: xpath
2018-10-22 13:13:59,044 - INFO - Clicked on the element with locator_properties: //button[text()='Get Total'] and locator_type: xpath
2018-10-22 13:13:59,066 - INFO - Element found with locator_properties: //span[@id='displayvalue'] and locator_type: xpath
2018-10-22 13:13:59,080 - INFO - The text is: '11'
2018-10-22 13:13:59,080 - INFO - Actual Text From Application Web UI --> :: 11
2018-10-22 13:13:59,080 - INFO - Expected Text From Application Web UI --> :: 12
2018-10-22 13:13:59,081 - ERROR - ### VERIFICATION TEXT DOES NOT MATCHED !!!
2018-10-22 13:13:59,081 - ERROR - ### VERIFICATION FAILED :: test_invalid_addition
2018-10-22 13:13:59,360 - INFO - Screenshot saved to directory: C:\Users\abhilash.sharma\Desktop\Github Pages\SeleniumPythonHybridFramework\SupportLibraries\../Logs/Screenshots/test_invalid_addition_1540194239081.png
2018-10-22 13:13:59,361 - ERROR - ### test_invalid_addition ### TEST FAILED
2018-10-22 13:13:59,422 - INFO - ###### TEST EXECUTION STARTED :: test_valid_addition ######
2018-10-22 13:13:59,451 - INFO - Element found with locator_properties: //input[@id='sum1'] and locator_type: xpath
2018-10-22 13:13:59,485 - INFO - Sent data to the element with locator_properties: //input[@id='sum1'] and locator_type: xpath
2018-10-22 13:13:59,498 - INFO - Element found with locator_properties: //input[@id='sum2'] and locator_type: xpath
2018-10-22 13:13:59,524 - INFO - Sent data to the element with locator_properties: //input[@id='sum2'] and locator_type: xpath
2018-10-22 13:13:59,543 - INFO - Element is clickable with locator_properties: //button[text()='Get Total'] and locator_type: xpath
2018-10-22 13:13:59,556 - INFO - Element found with locator_properties: //button[text()='Get Total'] and locator_type: xpath
2018-10-22 13:13:59,585 - INFO - Clicked on the element with locator_properties: //button[text()='Get Total'] and locator_type: xpath
2018-10-22 13:13:59,599 - INFO - Element found with locator_properties: //span[@id='displayvalue'] and locator_type: xpath
2018-10-22 13:13:59,606 - INFO - The text is: '15'
2018-10-22 13:13:59,606 - INFO - Actual Text From Application Web UI --> :: 15
2018-10-22 13:13:59,606 - INFO - Expected Text From Application Web UI --> :: 15
2018-10-22 13:13:59,606 - INFO - ### VERIFICATION TEXT MATCHED !!!
2018-10-22 13:13:59,606 - INFO - ### VERIFICATION SUCCESSFUL :: test_valid_addition
2018-10-22 13:13:59,606 - INFO - ### test_valid_addition### TEST SUCCESSFUL
2018-10-22 13:13:59,617 - INFO - ###### TEST EXECUTION STARTED :: test_valid_user_input ######
2018-10-22 13:13:59,648 - INFO - Element found with locator_properties: //input[@id='user-message'] and locator_type: xpath
2018-10-22 13:13:59,786 - INFO - Sent data to the element with locator_properties: //input[@id='user-message'] and locator_type: xpath
2018-10-22 13:13:59,823 - INFO - Element is clickable with locator_properties: //button[text()='Show Message'] and locator_type: xpath
2018-10-22 13:13:59,841 - INFO - Element found with locator_properties: //button[text()='Show Message'] and locator_type: xpath
2018-10-22 13:13:59,884 - INFO - Clicked on the element with locator_properties: //button[text()='Show Message'] and locator_type: xpath
2018-10-22 13:13:59,908 - INFO - Element found with locator_properties: //div[@id='user-message']//following::span[@id='display'] and locator_type: xpath
2018-10-22 13:13:59,924 - INFO - The text is: 'Welcome Selenium Learner'
2018-10-22 13:13:59,924 - INFO - Actual Text From Application Web UI --> :: Welcome Selenium Learner
2018-10-22 13:13:59,924 - INFO - Expected Text From Application Web UI --> :: Welcome Selenium Learner
2018-10-22 13:13:59,925 - INFO - ### VERIFICATION TEXT MATCHED !!!
2018-10-22 13:13:59,925 - INFO - ### VERIFICATION SUCCESSFUL :: test_valid_user_input
2018-10-22 13:13:59,925 - INFO - ### test_valid_user_input### TEST SUCCESSFUL
2018-10-22 13:13:59,936 - INFO - ###### TEST EXECUTION STARTED :: test_verify_main_screen_elements ######
2018-10-22 13:13:59,942 - INFO - Element found with locator_properties: //input[@id='user-message'] and locator_type: xpath
2018-10-22 13:13:59,949 - INFO - Element found with locator_properties: //button[text()='Show Message'] and locator_type: xpath
2018-10-22 13:13:59,956 - INFO - Element found with locator_properties: //input[@id='sum1'] and locator_type: xpath
2018-10-22 13:13:59,964 - INFO - Element found with locator_properties: //input[@id='sum2'] and locator_type: xpath
2018-10-22 13:13:59,971 - INFO - Element found with locator_properties: //button[text()='Get Total'] and locator_type: xpath
2018-10-22 13:13:59,971 - INFO - ### VERIFICATION SUCCESSFUL :: test_verify_main_screen_elements
2018-10-22 13:13:59,971 - INFO - ### test_verify_main_screen_elements### TEST SUCCESSFUL
